<?xml version="1.0" encoding="UTF-8"?>
<!-- Generated by org.testng.reporters.JUnitReportReporter -->
<testsuite hostname="LAPTOP-E1TSF325" name="CreatCustomer" tests="1" failures="0" timestamp="1 Mar 2019 06:51:40 GMT" time="6.656" errors="0">
  <testcase name="creatCustomer" time="6.656" classname="CreatCustomer"/>
</testsuite> <!-- CreatCustomer -->
